This is pdfTeX, Version 3.141592653-2.6-1.40.24 (TeX Live 2022) (preloaded format=pdflatex 2022.11.12)  14 JUL 2023 12:37
entering extended mode
 restricted \write18 enabled.
 file:line:error style messages enabled.
 %&-line parsing enabled.
**c:/Users/Davoud/Desktop/Studium/GitHub/Bachelor/wave-function-collapse/LaTeX/Wave-function-collapse.tex
(c:/Users/Davoud/Desktop/Studium/GitHub/Bachelor/wave-function-collapse/LaTeX/Wave-function-collapse.tex
LaTeX2e <2022-11-01>
L3 programming layer <2022-11-02> (c:/texlive/2022/texmf-dist/tex/latex/base/report.cls
Document Class: report 2022/07/02 v1.4n Standard LaTeX document class
(c:/texlive/2022/texmf-dist/tex/latex/base/size12.clo
File: size12.clo 2022/07/02 v1.4n Standard LaTeX file (size option)
)
\c@part=\count185
\c@chapter=\count186
\c@section=\count187
\c@subsection=\count188
\c@subsubsection=\count189
\c@paragraph=\count190
\c@subparagraph=\count191
\c@figure=\count192
\c@table=\count193
\abovecaptionskip=\skip47
\belowcaptionskip=\skip48
\bibindent=\dimen140
) (c:/texlive/2022/texmf-dist/tex/latex/base/inputenc.sty
Package: inputenc 2021/02/14 v1.3d Input encoding file
\inpenc@prehook=\toks16
\inpenc@posthook=\toks17
) (c:/texlive/2022/texmf-dist/tex/generic/babel/babel.sty
Package: babel 2022/10/23 3.82 The Babel package
\babel@savecnt=\count194
\U@D=\dimen141
\l@unhyphenated=\language87
 (c:/texlive/2022/texmf-dist/tex/generic/babel/txtbabel.def)
\bbl@readstream=\read2
\bbl@dirlevel=\count195
 (c:/texlive/2022/texmf-dist/tex/generic/babel-english/english.ldf
Language: english 2017/06/06 v3.3r English support from the babel system
Package babel Info: Hyphen rules for 'canadian' set to \l@english
(babel)             (\language0). Reported on input line 102.
Package babel Info: Hyphen rules for 'australian' set to \l@ukenglish
(babel)             (\language21). Reported on input line 105.
Package babel Info: Hyphen rules for 'newzealand' set to \l@ukenglish
(babel)             (\language21). Reported on input line 108.
) (c:/texlive/2022/texmf-dist/tex/generic/babel-german/ngerman.ldf
Language: ngerman 2021/02/27 v2.13 German support for babel (post-1996 orthography)
 (c:/texlive/2022/texmf-dist/tex/generic/babel-german/ngermanb.ldf
Language: ngermanb 2021/02/27 v2.13 German support for babel (post-1996 orthography)
Package babel Info: Making " an active character on input line 122.
))) (c:/texlive/2022/texmf-dist/tex/generic/babel/locale/de/babel-ngerman.tex
Package babel Info: Importing font and identification data for ngerman
(babel)             from babel-de.ini. Reported on input line 11.
) (c:/texlive/2022/texmf-dist/tex/generic/babel/locale/en/babel-english.tex
Package babel Info: Importing font and identification data for english
(babel)             from babel-en.ini. Reported on input line 11.
) (c:/texlive/2022/texmf-dist/tex/latex/csquotes/csquotes.sty
Package: csquotes 2022-09-14 v5.2n context-sensitive quotations (JAW)
 (c:/texlive/2022/texmf-dist/tex/latex/etoolbox/etoolbox.sty
Package: etoolbox 2020/10/05 v2.5k e-TeX tools for LaTeX (JAW)
\etb@tempcnta=\count196
) (c:/texlive/2022/texmf-dist/tex/latex/graphics/keyval.sty
Package: keyval 2022/05/29 v1.15 key=value parser (DPC)
\KV@toks@=\toks18
)
\csq@reset=\count197
\csq@gtype=\count198
\csq@glevel=\count199
\csq@qlevel=\count266
\csq@maxlvl=\count267
\csq@tshold=\count268
\csq@ltx@everypar=\toks19
 (c:/texlive/2022/texmf-dist/tex/latex/csquotes/csquotes.def
File: csquotes.def 2022-09-14 v5.2n csquotes generic definitions (JAW)
)
Package csquotes Info: Trying to load configuration file 'csquotes.cfg'...
Package csquotes Info: ... configuration file loaded successfully.
 (c:/texlive/2022/texmf-dist/tex/latex/csquotes/csquotes.cfg
File: csquotes.cfg 
)) (c:/texlive/2022/texmf-dist/tex/latex/xcolor/xcolor.sty
Package: xcolor 2022/06/12 v2.14 LaTeX color extensions (UK)
 (c:/texlive/2022/texmf-dist/tex/latex/graphics-cfg/color.cfg
File: color.cfg 2016/01/02 v1.6 sample color configuration
)
Package xcolor Info: Driver file: pdftex.def on input line 227.
 (c:/texlive/2022/texmf-dist/tex/latex/graphics-def/pdftex.def
File: pdftex.def 2022/09/22 v1.2b Graphics/color driver for pdftex
) (c:/texlive/2022/texmf-dist/tex/latex/graphics/mathcolor.ltx)
Package xcolor Info: Model `cmy' substituted by `cmy0' on input line 1353.
Package xcolor Info: Model `hsb' substituted by `rgb' on input line 1357.
Package xcolor Info: Model `RGB' extended on input line 1369.
Package xcolor Info: Model `HTML' substituted by `rgb' on input line 1371.
Package xcolor Info: Model `Hsb' substituted by `hsb' on input line 1372.
Package xcolor Info: Model `tHsb' substituted by `hsb' on input line 1373.
Package xcolor Info: Model `HSB' substituted by `hsb' on input line 1374.
Package xcolor Info: Model `Gray' substituted by `gray' on input line 1375.
Package xcolor Info: Model `wave' substituted by `hsb' on input line 1376.
) (c:/texlive/2022/texmf-dist/tex/latex/graphics/graphicx.sty
Package: graphicx 2021/09/16 v1.2d Enhanced LaTeX Graphics (DPC,SPQR)
 (c:/texlive/2022/texmf-dist/tex/latex/graphics/graphics.sty
Package: graphics 2022/03/10 v1.4e Standard LaTeX Graphics (DPC,SPQR)
 (c:/texlive/2022/texmf-dist/tex/latex/graphics/trig.sty
Package: trig 2021/08/11 v1.11 sin cos tan (DPC)
) (c:/texlive/2022/texmf-dist/tex/latex/graphics-cfg/graphics.cfg
File: graphics.cfg 2016/06/04 v1.11 sample graphics configuration
)
Package graphics Info: Driver file: pdftex.def on input line 107.
)
\Gin@req@height=\dimen142
\Gin@req@width=\dimen143
) (c:/texlive/2022/texmf-dist/tex/latex/wrapfig/wrapfig.sty
\wrapoverhang=\dimen144
\WF@size=\dimen145
\c@WF@wrappedlines=\count269
\WF@box=\box51
\WF@everypar=\toks20
Package: wrapfig 2003/01/31  v 3.6
) (c:/texlive/2022/texmf-dist/tex/latex/subfig/subfig.sty
Package: subfig 2005/06/28 ver: 1.3 subfig package
 (c:/texlive/2022/texmf-dist/tex/latex/caption/caption.sty
Package: caption 2022/03/01 v3.6b Customizing captions (AR)
 (c:/texlive/2022/texmf-dist/tex/latex/caption/caption3.sty
Package: caption3 2022/03/17 v2.3b caption3 kernel (AR)
\caption@tempdima=\dimen146
\captionmargin=\dimen147
\caption@leftmargin=\dimen148
\caption@rightmargin=\dimen149
\caption@width=\dimen150
\caption@indent=\dimen151
\caption@parindent=\dimen152
\caption@hangindent=\dimen153
Package caption Info: Standard document class detected.
)
\c@caption@flags=\count270
\c@continuedfloat=\count271
Package caption Info: wrapfig package is loaded.
)
\c@KVtest=\count272
\sf@farskip=\skip49
\sf@captopadj=\dimen154
\sf@capskip=\skip50
\sf@nearskip=\skip51
\c@subfigure=\count273
\c@subfigure@save=\count274
\c@lofdepth=\count275
\c@subtable=\count276
\c@subtable@save=\count277
\c@lotdepth=\count278
\sf@top=\skip52
\sf@bottom=\skip53
) (c:/texlive/2022/texmf-dist/tex/latex/setspace/setspace.sty
Package: setspace 2011/12/19 v6.7a set line spacing
) (c:/texlive/2022/texmf-dist/tex/latex/geometry/geometry.sty
Package: geometry 2020/01/02 v5.9 Page Geometry
 (c:/texlive/2022/texmf-dist/tex/generic/iftex/ifvtex.sty
Package: ifvtex 2019/10/25 v1.7 ifvtex legacy package. Use iftex instead.
 (c:/texlive/2022/texmf-dist/tex/generic/iftex/iftex.sty
Package: iftex 2022/02/03 v1.0f TeX engine tests
))
\Gm@cnth=\count279
\Gm@cntv=\count280
\c@Gm@tempcnt=\count281
\Gm@bindingoffset=\dimen155
\Gm@wd@mp=\dimen156
\Gm@odd@mp=\dimen157
\Gm@even@mp=\dimen158
\Gm@layoutwidth=\dimen159
\Gm@layoutheight=\dimen160
\Gm@layouthoffset=\dimen161
\Gm@layoutvoffset=\dimen162
\Gm@dimlist=\toks21
) (c:/texlive/2022/texmf-dist/tex/latex/psnfss/mathptmx.sty
Package: mathptmx 2020/03/25 PSNFSS-v9.3 Times w/ Math, improved (SPQR, WaS) 
LaTeX Font Info:    Redeclaring symbol font `operators' on input line 28.
LaTeX Font Info:    Overwriting symbol font `operators' in version `normal'
(Font)                  OT1/cmr/m/n --> OT1/ztmcm/m/n on input line 28.
LaTeX Font Info:    Overwriting symbol font `operators' in version `bold'
(Font)                  OT1/cmr/bx/n --> OT1/ztmcm/m/n on input line 28.
LaTeX Font Info:    Redeclaring symbol font `letters' on input line 29.
LaTeX Font Info:    Overwriting symbol font `letters' in version `normal'
(Font)                  OML/cmm/m/it --> OML/ztmcm/m/it on input line 29.
LaTeX Font Info:    Overwriting symbol font `letters' in version `bold'
(Font)                  OML/cmm/b/it --> OML/ztmcm/m/it on input line 29.
LaTeX Font Info:    Redeclaring symbol font `symbols' on input line 30.
LaTeX Font Info:    Overwriting symbol font `symbols' in version `normal'
(Font)                  OMS/cmsy/m/n --> OMS/ztmcm/m/n on input line 30.
LaTeX Font Info:    Overwriting symbol font `symbols' in version `bold'
(Font)                  OMS/cmsy/b/n --> OMS/ztmcm/m/n on input line 30.
LaTeX Font Info:    Redeclaring symbol font `largesymbols' on input line 31.
LaTeX Font Info:    Overwriting symbol font `largesymbols' in version `normal'
(Font)                  OMX/cmex/m/n --> OMX/ztmcm/m/n on input line 31.
LaTeX Font Info:    Overwriting symbol font `largesymbols' in version `bold'
(Font)                  OMX/cmex/m/n --> OMX/ztmcm/m/n on input line 31.
\symbold=\mathgroup4
\symitalic=\mathgroup5
LaTeX Font Info:    Redeclaring math alphabet \mathbf on input line 34.
LaTeX Font Info:    Overwriting math alphabet `\mathbf' in version `normal'
(Font)                  OT1/cmr/bx/n --> OT1/ptm/bx/n on input line 34.
LaTeX Font Info:    Overwriting math alphabet `\mathbf' in version `bold'
(Font)                  OT1/cmr/bx/n --> OT1/ptm/bx/n on input line 34.
LaTeX Font Info:    Redeclaring math alphabet \mathit on input line 35.
LaTeX Font Info:    Overwriting math alphabet `\mathit' in version `normal'
(Font)                  OT1/cmr/m/it --> OT1/ptm/m/it on input line 35.
LaTeX Font Info:    Overwriting math alphabet `\mathit' in version `bold'
(Font)                  OT1/cmr/bx/it --> OT1/ptm/m/it on input line 35.
LaTeX Info: Redefining \hbar on input line 50.
) (c:/texlive/2022/texmf-dist/tex/latex/base/fontenc.sty
Package: fontenc 2021/04/29 v2.0v Standard LaTeX package
LaTeX Font Info:    Trying to load font information for T1+ptm on input line 112.
 (c:/texlive/2022/texmf-dist/tex/latex/psnfss/t1ptm.fd
File: t1ptm.fd 2001/06/04 font definitions for T1/ptm.
)) (c:/texlive/2022/texmf-dist/tex/latex/float/float.sty
Package: float 2001/11/08 v1.3d Float enhancements (AL)
\c@float@type=\count282
\float@exts=\toks22
\float@box=\box52
\@float@everytoks=\toks23
\@floatcapt=\box53
) (c:/texlive/2022/texmf-dist/tex/latex/listings/listings.sty
\lst@mode=\count283
\lst@gtempboxa=\box54
\lst@token=\toks24
\lst@length=\count284
\lst@currlwidth=\dimen163
\lst@column=\count285
\lst@pos=\count286
\lst@lostspace=\dimen164
\lst@width=\dimen165
\lst@newlines=\count287
\lst@lineno=\count288
\lst@maxwidth=\dimen166
 (c:/texlive/2022/texmf-dist/tex/latex/listings/lstmisc.sty
File: lstmisc.sty 2020/03/24 1.8d (Carsten Heinz)
\c@lstnumber=\count289
\lst@skipnumbers=\count290
\lst@framebox=\box55
) (c:/texlive/2022/texmf-dist/tex/latex/listings/listings.cfg
File: listings.cfg 2020/03/24 1.8d listings configuration
))
Package: listings 2020/03/24 1.8d (Carsten Heinz)
 (c:/texlive/2022/texmf-dist/tex/latex/dirtytalk/dirtytalk.sty
Package: dirtytalk 2010/11/21 A package making "quoting" easier
 (c:/texlive/2022/texmf-dist/tex/latex/kvoptions/kvoptions.sty
Package: kvoptions 2022-06-15 v3.15 Key value format for package options (HO)
 (c:/texlive/2022/texmf-dist/tex/generic/ltxcmds/ltxcmds.sty
Package: ltxcmds 2020-05-10 v1.25 LaTeX kernel commands for general use (HO)
) (c:/texlive/2022/texmf-dist/tex/latex/kvsetkeys/kvsetkeys.sty
Package: kvsetkeys 2022-10-05 v1.19 Key value parser (HO)
)) (c:/texlive/2022/texmf-dist/tex/latex/base/ifthen.sty
Package: ifthen 2022/04/13 v1.1d Standard LaTeX ifthen package (DPC)
)
\c@dirtytalk@qdepth=\count291
) (c:/texlive/2022/texmf-dist/tex/latex/pdfpages/pdfpages.sty
Package: pdfpages 2022/10/09 v0.5w Insert pages of external PDF documents (AM)
 (c:/texlive/2022/texmf-dist/tex/latex/tools/calc.sty
Package: calc 2017/05/25 v4.3 Infix arithmetic (KKT,FJ)
\calc@Acount=\count292
\calc@Bcount=\count293
\calc@Adimen=\dimen167
\calc@Bdimen=\dimen168
\calc@Askip=\skip54
\calc@Bskip=\skip55
LaTeX Info: Redefining \setlength on input line 80.
LaTeX Info: Redefining \addtolength on input line 81.
\calc@Ccount=\count294
\calc@Cskip=\skip56
) (c:/texlive/2022/texmf-dist/tex/latex/eso-pic/eso-pic.sty
Package: eso-pic 2020/10/14 v3.0a eso-pic (RN)
\ESO@tempdima=\dimen169
\ESO@tempdimb=\dimen170
)
\AM@pagewidth=\dimen171
\AM@pageheight=\dimen172
\AM@fboxrule=\dimen173
 (c:/texlive/2022/texmf-dist/tex/latex/pdfpages/pppdftex.def
File: pppdftex.def 2022/10/09 v0.5w Pdfpages driver for pdfTeX (AM)
)
\pdfpages@includegraphics@status=\count295
\AM@pagebox=\box56
\AM@global@opts=\toks25
\AM@pagecnt=\count296
\AM@toc@title=\toks26
\c@AM@survey=\count297
\AM@templatesizebox=\box57
) (c:/texlive/2022/texmf-dist/tex/latex/biblatex/biblatex.sty
Package: biblatex 2022/07/12 v3.18b programmable bibliographies (PK/MW)
 (c:/texlive/2022/texmf-dist/tex/generic/pdftexcmds/pdftexcmds.sty
Package: pdftexcmds 2020-06-27 v0.33 Utility functions of pdfTeX for LuaTeX (HO)
 (c:/texlive/2022/texmf-dist/tex/generic/infwarerr/infwarerr.sty
Package: infwarerr 2019/12/03 v1.5 Providing info/warning/error messages (HO)
)
Package pdftexcmds Info: \pdf@primitive is available.
Package pdftexcmds Info: \pdf@ifprimitive is available.
Package pdftexcmds Info: \pdfdraftmode found.
) (c:/texlive/2022/texmf-dist/tex/latex/logreq/logreq.sty
Package: logreq 2010/08/04 v1.0 xml request logger
\lrq@indent=\count298
 (c:/texlive/2022/texmf-dist/tex/latex/logreq/logreq.def
File: logreq.def 2010/08/04 v1.0 logreq spec v1.0
)) (c:/texlive/2022/texmf-dist/tex/latex/url/url.sty
\Urlmuskip=\muskip16
Package: url 2013/09/16  ver 3.4  Verb mode for urls, etc.
)
\c@tabx@nest=\count299
\c@listtotal=\count300
\c@listcount=\count301
\c@liststart=\count302
\c@liststop=\count303
\c@citecount=\count304
\c@citetotal=\count305
\c@multicitecount=\count306
\c@multicitetotal=\count307
\c@instcount=\count308
\c@maxnames=\count309
\c@minnames=\count310
\c@maxitems=\count311
\c@minitems=\count312
\c@citecounter=\count313
\c@maxcitecounter=\count314
\c@savedcitecounter=\count315
\c@uniquelist=\count316
\c@uniquename=\count317
\c@refsection=\count318
\c@refsegment=\count319
\c@maxextratitle=\count320
\c@maxextratitleyear=\count321
\c@maxextraname=\count322
\c@maxextradate=\count323
\c@maxextraalpha=\count324
\c@abbrvpenalty=\count325
\c@highnamepenalty=\count326
\c@lownamepenalty=\count327
\c@maxparens=\count328
\c@parenlevel=\count329
\blx@tempcnta=\count330
\blx@tempcntb=\count331
\blx@tempcntc=\count332
\c@blx@maxsection=\count333
\blx@maxsegment@0=\count334
\blx@notetype=\count335
\blx@parenlevel@text=\count336
\blx@parenlevel@foot=\count337
\blx@sectionciteorder@0=\count338
\blx@sectionciteorderinternal@0=\count339
\blx@entrysetcounter=\count340
\blx@biblioinstance=\count341
\labelnumberwidth=\skip57
\labelalphawidth=\skip58
\biblabelsep=\skip59
\bibitemsep=\skip60
\bibnamesep=\skip61
\bibinitsep=\skip62
\bibparsep=\skip63
\bibhang=\skip64
\blx@bcfin=\read3
\blx@bcfout=\write3
\blx@langwohyphens=\language88
\c@mincomprange=\count342
\c@maxcomprange=\count343
\c@mincompwidth=\count344
Package biblatex Info: Trying to load biblatex default data model...
Package biblatex Info: ... file 'blx-dm.def' found.
 (c:/texlive/2022/texmf-dist/tex/latex/biblatex/blx-dm.def
File: blx-dm.def 2022/07/12 v3.18b biblatex localization (PK/MW)
)
Package biblatex Info: Trying to load biblatex style data model...
Package biblatex Info: ... file 'ieee.dbx' not found.
Package biblatex Info: Trying to load biblatex custom data model...
Package biblatex Info: ... file 'biblatex-dm.cfg' not found.
\c@afterword=\count345
\c@savedafterword=\count346
\c@annotator=\count347
\c@savedannotator=\count348
\c@author=\count349
\c@savedauthor=\count350
\c@bookauthor=\count351
\c@savedbookauthor=\count352
\c@commentator=\count353
\c@savedcommentator=\count354
\c@editor=\count355
\c@savededitor=\count356
\c@editora=\count357
\c@savededitora=\count358
\c@editorb=\count359
\c@savededitorb=\count360
\c@editorc=\count361
\c@savededitorc=\count362
\c@foreword=\count363
\c@savedforeword=\count364
\c@holder=\count365
\c@savedholder=\count366
\c@introduction=\count367
\c@savedintroduction=\count368
\c@namea=\count369
\c@savednamea=\count370
\c@nameb=\count371
\c@savednameb=\count372
\c@namec=\count373
\c@savednamec=\count374
\c@translator=\count375
\c@savedtranslator=\count376
\c@shortauthor=\count377
\c@savedshortauthor=\count378
\c@shorteditor=\count379
\c@savedshorteditor=\count380
\c@labelname=\count381
\c@savedlabelname=\count382
\c@institution=\count383
\c@savedinstitution=\count384
\c@lista=\count385
\c@savedlista=\count386
\c@listb=\count387
\c@savedlistb=\count388
\c@listc=\count389
\c@savedlistc=\count390
\c@listd=\count391
\c@savedlistd=\count392
\c@liste=\count393
\c@savedliste=\count394
\c@listf=\count395
\c@savedlistf=\count396
\c@location=\count397
\c@savedlocation=\count398
\c@organization=\count399
\c@savedorganization=\count400
\c@origlocation=\count401
\c@savedoriglocation=\count402
\c@origpublisher=\count403
\c@savedorigpublisher=\count404
\c@publisher=\count405
\c@savedpublisher=\count406
\c@language=\count407
\c@savedlanguage=\count408
\c@origlanguage=\count409
\c@savedoriglanguage=\count410
\c@pageref=\count411
\c@savedpageref=\count412
\shorthandwidth=\skip65
\shortjournalwidth=\skip66
\shortserieswidth=\skip67
\shorttitlewidth=\skip68
\shortauthorwidth=\skip69
\shorteditorwidth=\skip70
\locallabelnumberwidth=\skip71
\locallabelalphawidth=\skip72
\localshorthandwidth=\skip73
\localshortjournalwidth=\skip74
\localshortserieswidth=\skip75
\localshorttitlewidth=\skip76
\localshortauthorwidth=\skip77
\localshorteditorwidth=\skip78
Package biblatex Info: Trying to load compatibility code...
Package biblatex Info: ... file 'blx-compat.def' found.
 (c:/texlive/2022/texmf-dist/tex/latex/biblatex/blx-compat.def
File: blx-compat.def 2022/07/12 v3.18b biblatex compatibility (PK/MW)
)
Package biblatex Info: Trying to load generic definitions...
Package biblatex Info: ... file 'biblatex.def' found.
 (c:/texlive/2022/texmf-dist/tex/latex/biblatex/biblatex.def
File: biblatex.def 2022/07/12 v3.18b biblatex compatibility (PK/MW)
\c@textcitecount=\count413
\c@textcitetotal=\count414
\c@textcitemaxnames=\count415
\c@biburlbigbreakpenalty=\count416
\c@biburlbreakpenalty=\count417
\c@biburlnumpenalty=\count418
\c@biburlucpenalty=\count419
\c@biburllcpenalty=\count420
\biburlbigskip=\muskip17
\biburlnumskip=\muskip18
\biburlucskip=\muskip19
\biburllcskip=\muskip20
\c@smartand=\count421
)
Package biblatex Info: Trying to load bibliography style 'ieee'...
Package biblatex Info: ... file 'ieee.bbx' found.
 (c:/texlive/2022/texmf-dist/tex/latex/biblatex-ieee/ieee.bbx
File: ieee.bbx 2021/12/06 v1.3f biblatex bibliography style
Package biblatex Info: Trying to load bibliography style 'numeric-comp'...
Package biblatex Info: ... file 'numeric-comp.bbx' found.
 (c:/texlive/2022/texmf-dist/tex/latex/biblatex/bbx/numeric-comp.bbx
File: numeric-comp.bbx 2022/07/12 v3.18b biblatex bibliography style (PK/MW)
Package biblatex Info: Trying to load bibliography style 'numeric'...
Package biblatex Info: ... file 'numeric.bbx' found.
 (c:/texlive/2022/texmf-dist/tex/latex/biblatex/bbx/numeric.bbx
File: numeric.bbx 2022/07/12 v3.18b biblatex bibliography style (PK/MW)
Package biblatex Info: Trying to load bibliography style 'standard'...
Package biblatex Info: ... file 'standard.bbx' found.
 (c:/texlive/2022/texmf-dist/tex/latex/biblatex/bbx/standard.bbx
File: standard.bbx 2022/07/12 v3.18b biblatex bibliography style (PK/MW)
\c@bbx:relatedcount=\count422
\c@bbx:relatedtotal=\count423
))))
Package biblatex Info: Trying to load citation style 'ieee'...
Package biblatex Info: ... file 'ieee.cbx' found.
 (c:/texlive/2022/texmf-dist/tex/latex/biblatex-ieee/ieee.cbx
File: ieee.cbx 2021/12/06 v1.3f biblatex citation style
Package biblatex Info: Trying to load citation style 'numeric-comp'...
Package biblatex Info: ... file 'numeric-comp.cbx' found.
 (c:/texlive/2022/texmf-dist/tex/latex/biblatex/cbx/numeric-comp.cbx
File: numeric-comp.cbx 2022/07/12 v3.18b biblatex citation style (PK/MW)
\c@cbx@tempcnta=\count424
\c@cbx@tempcntb=\count425
\c@cbx@tempcntc=\count426
\c@cbx@tempcntd=\count427
Package biblatex Info: Redefining '\cite'.
Package biblatex Info: Redefining '\parencite'.
Package biblatex Info: Redefining '\footcite'.
Package biblatex Info: Redefining '\footcitetext'.
Package biblatex Info: Redefining '\smartcite'.
Package biblatex Info: Redefining '\supercite'.
Package biblatex Info: Redefining '\textcite'.
Package biblatex Info: Redefining '\textcites'.
Package biblatex Info: Redefining '\cites'.
Package biblatex Info: Redefining '\parencites'.
Package biblatex Info: Redefining '\smartcites'.
)
Package biblatex Info: Redefining '\cite'.
Package biblatex Info: Redefining '\supercite'.
Package biblatex Info: Redefining '\cites'.
)
Package biblatex Info: Trying to load configuration file...
Package biblatex Info: ... file 'biblatex.cfg' found.
 (c:/texlive/2022/texmf-dist/tex/latex/biblatex/biblatex.cfg
File: biblatex.cfg 
)
Package biblatex Info: Input encoding 'utf8' detected.
Package biblatex Info: Document encoding is UTF8 ....
 (c:/texlive/2022/texmf-dist/tex/latex/l3kernel/expl3.sty
Package: expl3 2022-11-02 L3 programming layer (loader) 
 (c:/texlive/2022/texmf-dist/tex/latex/l3backend/l3backend-pdftex.def
File: l3backend-pdftex.def 2022-10-26 L3 backend support: PDF output (pdfTeX)
\l__color_backend_stack_int=\count428
\l__pdf_internal_box=\box58
))
Package biblatex Info: ... and expl3
(biblatex)             2022-11-02 L3 programming layer (loader) 
(biblatex)             is new enough (at least 2020/04/06),
(biblatex)             setting 'casechanger=expl3'.
 (c:/texlive/2022/texmf-dist/tex/latex/biblatex/blx-case-expl3.sty (c:/texlive/2022/texmf-dist/tex/latex/l3packages/xparse/xparse.sty
Package: xparse 2022-06-22 L3 Experimental document command parser
)
Package: blx-case-expl3 2022/07/12 v3.18b expl3 case changing code for biblatex
)) (c:/texlive/2022/texmf-dist/tex/latex/titlesec/titlesec.sty
Package: titlesec 2021/07/05 v2.14 Sectioning titles
\ttl@box=\box59
\beforetitleunit=\skip79
\aftertitleunit=\skip80
\ttl@plus=\dimen174
\ttl@minus=\dimen175
\ttl@toksa=\toks27
\titlewidth=\dimen176
\titlewidthlast=\dimen177
\titlewidthfirst=\dimen178
) (c:/texlive/2022/texmf-dist/tex/latex/abstract/abstract.sty
Package: abstract 2009/06/08 v1.2a configurable abstracts
\abstitleskip=\skip81
\absleftindent=\skip82
\absrightindent=\skip83
\absparindent=\skip84
\absparsep=\skip85
) (c:/texlive/2022/texmf-dist/tex/latex/hyperref/hyperref.sty
Package: hyperref 2022-09-22 v7.00t Hypertext links for LaTeX
 (c:/texlive/2022/texmf-dist/tex/generic/kvdefinekeys/kvdefinekeys.sty
Package: kvdefinekeys 2019-12-19 v1.6 Define keys (HO)
) (c:/texlive/2022/texmf-dist/tex/generic/pdfescape/pdfescape.sty
Package: pdfescape 2019/12/09 v1.15 Implements pdfTeX's escape features (HO)
) (c:/texlive/2022/texmf-dist/tex/latex/hycolor/hycolor.sty
Package: hycolor 2020-01-27 v1.10 Color options for hyperref/bookmark (HO)
) (c:/texlive/2022/texmf-dist/tex/latex/letltxmacro/letltxmacro.sty
Package: letltxmacro 2019/12/03 v1.6 Let assignment for LaTeX macros (HO)
) (c:/texlive/2022/texmf-dist/tex/latex/auxhook/auxhook.sty
Package: auxhook 2019-12-17 v1.6 Hooks for auxiliary files (HO)
) (c:/texlive/2022/texmf-dist/tex/latex/hyperref/nameref.sty
Package: nameref 2022-05-17 v2.50 Cross-referencing by name of section
 (c:/texlive/2022/texmf-dist/tex/latex/refcount/refcount.sty
Package: refcount 2019/12/15 v3.6 Data extraction from label references (HO)
) (c:/texlive/2022/texmf-dist/tex/generic/gettitlestring/gettitlestring.sty
Package: gettitlestring 2019/12/15 v1.6 Cleanup title references (HO)
)
\c@section@level=\count429
)
\@linkdim=\dimen179
\Hy@linkcounter=\count430
\Hy@pagecounter=\count431
 (c:/texlive/2022/texmf-dist/tex/latex/hyperref/pd1enc.def
File: pd1enc.def 2022-09-22 v7.00t Hyperref: PDFDocEncoding definition (HO)
Now handling font encoding PD1 ...
... no UTF-8 mapping file for font encoding PD1
) (c:/texlive/2022/texmf-dist/tex/generic/intcalc/intcalc.sty
Package: intcalc 2019/12/15 v1.3 Expandable calculations with integers (HO)
) (c:/texlive/2022/texmf-dist/tex/generic/etexcmds/etexcmds.sty
Package: etexcmds 2019/12/15 v1.7 Avoid name clashes with e-TeX commands (HO)
)
\Hy@SavedSpaceFactor=\count432
 (c:/texlive/2022/texmf-dist/tex/latex/hyperref/puenc.def
File: puenc.def 2022-09-22 v7.00t Hyperref: PDF Unicode definition (HO)
Now handling font encoding PU ...
... no UTF-8 mapping file for font encoding PU
)
Package hyperref Info: Option `bookmarks' set `true' on input line 4045.
Package hyperref Info: Option `bookmarksopen' set `true' on input line 4045.
Package hyperref Info: Option `bookmarksnumbered' set `true' on input line 4045.
Package hyperref Info: Option `pdfpagelabels' set `true' on input line 4045.
Package hyperref Info: Option `colorlinks' set `true' on input line 4045.
Package hyperref Info: Option `plainpages' set `false' on input line 4045.
Package hyperref Info: Option `hypertexnames' set `true' on input line 4045.
Package hyperref Info: Option `linktocpage' set `true' on input line 4045.
Package hyperref Info: Hyper figures OFF on input line 4162.
Package hyperref Info: Link nesting OFF on input line 4167.
Package hyperref Info: Hyper index ON on input line 4170.
Package hyperref Info: Plain pages OFF on input line 4177.
Package hyperref Info: Backreferencing OFF on input line 4182.
Package hyperref Info: Implicit mode ON; LaTeX internals redefined.
Package hyperref Info: Bookmarks ON on input line 4410.
\c@Hy@tempcnt=\count433
LaTeX Info: Redefining \url on input line 4748.
\XeTeXLinkMargin=\dimen180
 (c:/texlive/2022/texmf-dist/tex/generic/bitset/bitset.sty
Package: bitset 2019/12/09 v1.3 Handle bit-vector datatype (HO)
 (c:/texlive/2022/texmf-dist/tex/generic/bigintcalc/bigintcalc.sty
Package: bigintcalc 2019/12/15 v1.5 Expandable calculations on big integers (HO)
))
\Fld@menulength=\count434
\Field@Width=\dimen181
\Fld@charsize=\dimen182
Package hyperref Info: Hyper figures OFF on input line 6027.
Package hyperref Info: Link nesting OFF on input line 6032.
Package hyperref Info: Hyper index ON on input line 6035.
Package hyperref Info: backreferencing OFF on input line 6042.
Package hyperref Info: Link coloring ON on input line 6045.
Package hyperref Info: Link coloring with OCG OFF on input line 6052.
Package hyperref Info: PDF/A mode OFF on input line 6057.
 (c:/texlive/2022/texmf-dist/tex/latex/base/atbegshi-ltx.sty
Package: atbegshi-ltx 2021/01/10 v1.0c Emulation of the original atbegshi
package with kernel methods
)
\Hy@abspage=\count435
\c@Item=\count436
\c@Hfootnote=\count437
)
Package hyperref Info: Driver (autodetected): hpdftex.
 (c:/texlive/2022/texmf-dist/tex/latex/hyperref/hpdftex.def
File: hpdftex.def 2022-09-22 v7.00t Hyperref driver for pdfTeX
 (c:/texlive/2022/texmf-dist/tex/latex/base/atveryend-ltx.sty
Package: atveryend-ltx 2020/08/19 v1.0a Emulation of the original atveryend package
with kernel methods
)
\Fld@listcount=\count438
\c@bookmark@seq@number=\count439
 (c:/texlive/2022/texmf-dist/tex/latex/rerunfilecheck/rerunfilecheck.sty
Package: rerunfilecheck 2022-07-10 v1.10 Rerun checks for auxiliary files (HO)
 (c:/texlive/2022/texmf-dist/tex/generic/uniquecounter/uniquecounter.sty
Package: uniquecounter 2019/12/15 v1.4 Provide unlimited unique counter (HO)
)
Package uniquecounter Info: New unique counter `rerunfilecheck' on input line 285.
)
\Hy@SectionHShift=\skip86
)
Package csquotes Info: Checking for multilingual support...
Package csquotes Info: ... found 'babel' package.
Package csquotes Info: Adjusting default style.
Package csquotes Info: Redefining alias 'default' -> 'ngerman'.
 (./Wave-function-collapse.aux)
\openout1 = `Wave-function-collapse.aux'.

LaTeX Font Info:    Checking defaults for OML/cmm/m/it on input line 87.
LaTeX Font Info:    ... okay on input line 87.
LaTeX Font Info:    Checking defaults for OMS/cmsy/m/n on input line 87.
LaTeX Font Info:    ... okay on input line 87.
LaTeX Font Info:    Checking defaults for OT1/cmr/m/n on input line 87.
LaTeX Font Info:    ... okay on input line 87.
LaTeX Font Info:    Checking defaults for T1/cmr/m/n on input line 87.
LaTeX Font Info:    ... okay on input line 87.
LaTeX Font Info:    Checking defaults for TS1/cmr/m/n on input line 87.
LaTeX Font Info:    ... okay on input line 87.
LaTeX Font Info:    Checking defaults for OMX/cmex/m/n on input line 87.
LaTeX Font Info:    ... okay on input line 87.
LaTeX Font Info:    Checking defaults for U/cmr/m/n on input line 87.
LaTeX Font Info:    ... okay on input line 87.
LaTeX Font Info:    Checking defaults for PD1/pdf/m/n on input line 87.
LaTeX Font Info:    ... okay on input line 87.
LaTeX Font Info:    Checking defaults for PU/pdf/m/n on input line 87.
LaTeX Font Info:    ... okay on input line 87.
 (c:/texlive/2022/texmf-dist/tex/context/base/mkii/supp-pdf.mkii
[Loading MPS to PDF converter (version 2006.09.02).]
\scratchcounter=\count440
\scratchdimen=\dimen183
\scratchbox=\box60
\nofMPsegments=\count441
\nofMParguments=\count442
\everyMPshowfont=\toks28
\MPscratchCnt=\count443
\MPscratchDim=\dimen184
\MPnumerator=\count444
\makeMPintoPDFobject=\count445
\everyMPtoPDFconversion=\toks29
) (c:/texlive/2022/texmf-dist/tex/latex/epstopdf-pkg/epstopdf-base.sty
Package: epstopdf-base 2020-01-24 v2.11 Base part for package epstopdf
Package epstopdf-base Info: Redefining graphics rule for `.eps' on input line 485.
 (c:/texlive/2022/texmf-dist/tex/latex/latexconfig/epstopdf-sys.cfg
File: epstopdf-sys.cfg 2010/07/13 v1.3 Configuration of (r)epstopdf for TeX Live
))
Package caption Info: Begin \AtBeginDocument code.
Package caption Info: subfig package v1.3 is loaded.
Package caption Info: float package is loaded.
Package caption Info: hyperref package is loaded.
Package caption Info: listings package is loaded.
Package caption Info: End \AtBeginDocument code.

*geometry* driver: auto-detecting
*geometry* detected driver: pdftex
*geometry* verbose mode - [ preamble ] result:
* driver: pdftex
* paper: a4paper
* layout: <same size as paper>
* layoutoffset:(h,v)=(0.0pt,0.0pt)
* bindingoffset: 22.76228pt
* modes: twoside 
* h-part:(L,W,R)=(71.13188pt, 434.64355pt, 68.97015pt)
* v-part:(T,H,B)=(85.35826pt, 658.28194pt, 101.40665pt)
* \paperwidth=597.50787pt
* \paperheight=845.04684pt
* \textwidth=434.64355pt
* \textheight=658.28194pt
* \oddsidemargin=21.62418pt
* \evensidemargin=-3.29984pt
* \topmargin=-23.91173pt
* \headheight=12.0pt
* \headsep=25.0pt
* \topskip=12.0pt
* \footskip=30.0pt
* \marginparwidth=85.0pt
* \marginparsep=10.0pt
* \columnsep=10.0pt
* \skip\footins=10.8pt plus 4.0pt minus 2.0pt
* \hoffset=0.0pt
* \voffset=0.0pt
* \mag=1000
* \@twocolumnfalse
* \@twosidetrue
* \@mparswitchtrue
* \@reversemarginfalse
* (1in=72.27pt=25.4mm, 1cm=28.453pt)

\big@size=\dimen185
\c@lstlisting=\count446
(c:/texlive/2022/texmf-dist/tex/latex/pdflscape/pdflscape.sty
Package: pdflscape 2022-10-27 v0.13 Display of landscape pages in PDF
 (c:/texlive/2022/texmf-dist/tex/latex/pdflscape/pdflscape-nometadata.sty
Package: pdflscape-nometadata 2022-10-28 v0.13 Display of landscape pages in PDF (HO)
 (c:/texlive/2022/texmf-dist/tex/latex/graphics/lscape.sty
Package: lscape 2020/05/28 v3.02 Landscape Pages (DPC)
)
Package pdflscape Info: Auto-detected driver: pdftex on input line 81.
))
Package biblatex Info: Trying to load language 'ngerman'...
Package biblatex Info: ... file 'ngerman.lbx' found.
 (c:/texlive/2022/texmf-dist/tex/latex/biblatex/lbx/ngerman.lbx
File: ngerman.lbx 2022/07/12 v3.18b biblatex localization (PK/MW)
Package biblatex Info: Trying to load language 'german'...
Package biblatex Info: ... file 'german.lbx' found.
 (c:/texlive/2022/texmf-dist/tex/latex/biblatex/lbx/german.lbx
File: german.lbx 2022/07/12 v3.18b biblatex localization (PK/MW)
)
Package biblatex Info: Trying to load language 'german'...
Package biblatex Info: ... file 'german.lbx' found.
 (c:/texlive/2022/texmf-dist/tex/latex/biblatex/lbx/german.lbx
File: german.lbx 2022/07/12 v3.18b biblatex localization (PK/MW)
))
Package biblatex Info: Trying to load language 'english'...
Package biblatex Info: ... file 'english.lbx' found.
 (c:/texlive/2022/texmf-dist/tex/latex/biblatex/lbx/english.lbx
File: english.lbx 2022/07/12 v3.18b biblatex localization (PK/MW)
)
Package biblatex Info: Input encoding 'utf8' detected.
Package biblatex Info: Automatic encoding selection.
(biblatex)             Assuming data encoding 'utf8'.
\openout3 = `Wave-function-collapse.bcf'.

Package biblatex Info: Trying to load bibliographic data...
Package biblatex Info: ... file 'Wave-function-collapse.bbl' found.
 (./Wave-function-collapse.bbl)
Package biblatex Info: Reference section=0 on input line 87.
Package biblatex Info: Reference segment=0 on input line 87.
Package hyperref Info: Link coloring ON on input line 87.
 (./Wave-function-collapse.out) (./Wave-function-collapse.out)
\@outlinefile=\write4
\openout4 = `Wave-function-collapse.out'.

<images/Ohm.png, id=60, 232.4685pt x 85.39905pt>
File: images/Ohm.png Graphic file (type png)
<use images/Ohm.png>
Package pdftex.def Info: images/Ohm.png  used on input line 91.
(pdftex.def)             Requested size: 260.78877pt x 95.81436pt.
LaTeX Font Info:    Trying to load font information for OT1+ztmcm on input line 91.
 (c:/texlive/2022/texmf-dist/tex/latex/psnfss/ot1ztmcm.fd
File: ot1ztmcm.fd 2000/01/03 Fontinst v1.801 font definitions for OT1/ztmcm.
)
LaTeX Font Info:    Trying to load font information for OML+ztmcm on input line 91.
 (c:/texlive/2022/texmf-dist/tex/latex/psnfss/omlztmcm.fd
File: omlztmcm.fd 2000/01/03 Fontinst v1.801 font definitions for OML/ztmcm.
)
LaTeX Font Info:    Trying to load font information for OMS+ztmcm on input line 91.
 (c:/texlive/2022/texmf-dist/tex/latex/psnfss/omsztmcm.fd
File: omsztmcm.fd 2000/01/03 Fontinst v1.801 font definitions for OMS/ztmcm.
)
LaTeX Font Info:    Trying to load font information for OMX+ztmcm on input line 91.
 (c:/texlive/2022/texmf-dist/tex/latex/psnfss/omxztmcm.fd
File: omxztmcm.fd 2000/01/03 Fontinst v1.801 font definitions for OMX/ztmcm.
)
LaTeX Font Info:    Trying to load font information for OT1+ptm on input line 91.
 (c:/texlive/2022/texmf-dist/tex/latex/psnfss/ot1ptm.fd
File: ot1ptm.fd 2001/06/04 font definitions for OT1/ptm.
)
LaTeX Font Info:    Font shape `OT1/ptm/bx/n' in size <14.4> not available
(Font)              Font shape `OT1/ptm/b/n' tried instead on input line 91.
LaTeX Font Info:    Font shape `OT1/ptm/bx/n' in size <10.95> not available
(Font)              Font shape `OT1/ptm/b/n' tried instead on input line 91.
LaTeX Font Info:    Font shape `OT1/ptm/bx/n' in size <8> not available
(Font)              Font shape `OT1/ptm/b/n' tried instead on input line 91.
 [1

{c:/texlive/2022/texmf-var/fonts/map/pdftex/updmap/pdftex.map} <./images/Ohm.png>]

pdfTeX warning: pdflatex.exe (file ./Davoud_Tavakol_Pruefungsrechtliche_Erklaerung.pdf): PDF inclusion: found PDF version <1.7>, but at most version <1.5> allowed
<Davoud_Tavakol_Pruefungsrechtliche_Erklaerung.pdf, id=70, 597.55246pt x 845.07724pt>
File: Davoud_Tavakol_Pruefungsrechtliche_Erklaerung.pdf Graphic file (type pdf)
<use Davoud_Tavakol_Pruefungsrechtliche_Erklaerung.pdf>
Package pdftex.def Info: Davoud_Tavakol_Pruefungsrechtliche_Erklaerung.pdf  used on input line 93.
(pdftex.def)             Requested size: 597.551pt x 845.07518pt.


pdfTeX warning: pdflatex.exe (file ./Davoud_Tavakol_Pruefungsrechtliche_Erklaerung.pdf): PDF inclusion: found PDF version <1.7>, but at most version <1.5> allowed
File: Davoud_Tavakol_Pruefungsrechtliche_Erklaerung.pdf Graphic file (type pdf)
<use Davoud_Tavakol_Pruefungsrechtliche_Erklaerung.pdf>
Package pdftex.def Info: Davoud_Tavakol_Pruefungsrechtliche_Erklaerung.pdf  used on input line 93.
(pdftex.def)             Requested size: 597.551pt x 845.07518pt.


pdfTeX warning: pdflatex.exe (file ./Davoud_Tavakol_Pruefungsrechtliche_Erklaerung.pdf): PDF inclusion: found PDF version <1.7>, but at most version <1.5> allowed


pdfTeX warning: pdflatex.exe (file ./Davoud_Tavakol_Pruefungsrechtliche_Erklaerung.pdf): PDF inclusion: found PDF version <1.7>, but at most version <1.5> allowed
<Davoud_Tavakol_Pruefungsrechtliche_Erklaerung.pdf, id=73, page=1, 597.55246pt x 845.07724pt>
File: Davoud_Tavakol_Pruefungsrechtliche_Erklaerung.pdf Graphic file (type pdf)
<use Davoud_Tavakol_Pruefungsrechtliche_Erklaerung.pdf, page 1>
Package pdftex.def Info: Davoud_Tavakol_Pruefungsrechtliche_Erklaerung.pdf , page1 used on input line 93.
(pdftex.def)             Requested size: 597.551pt x 845.07518pt.
File: Davoud_Tavakol_Pruefungsrechtliche_Erklaerung.pdf Graphic file (type pdf)
<use Davoud_Tavakol_Pruefungsrechtliche_Erklaerung.pdf, page 1>
Package pdftex.def Info: Davoud_Tavakol_Pruefungsrechtliche_Erklaerung.pdf , page1 used on input line 93.
(pdftex.def)             Requested size: 597.57834pt x 845.11386pt.
File: Davoud_Tavakol_Pruefungsrechtliche_Erklaerung.pdf Graphic file (type pdf)
<use Davoud_Tavakol_Pruefungsrechtliche_Erklaerung.pdf, page 1>
Package pdftex.def Info: Davoud_Tavakol_Pruefungsrechtliche_Erklaerung.pdf , page1 used on input line 93.
(pdftex.def)             Requested size: 597.57834pt x 845.11386pt.
File: Davoud_Tavakol_Pruefungsrechtliche_Erklaerung.pdf Graphic file (type pdf)
<use Davoud_Tavakol_Pruefungsrechtliche_Erklaerung.pdf, page 1>
Package pdftex.def Info: Davoud_Tavakol_Pruefungsrechtliche_Erklaerung.pdf , page1 used on input line 93.
(pdftex.def)             Requested size: 597.57834pt x 845.11386pt.
File: Davoud_Tavakol_Pruefungsrechtliche_Erklaerung.pdf Graphic file (type pdf)
<use Davoud_Tavakol_Pruefungsrechtliche_Erklaerung.pdf, page 1>
Package pdftex.def Info: Davoud_Tavakol_Pruefungsrechtliche_Erklaerung.pdf , page1 used on input line 93.
(pdftex.def)             Requested size: 597.57834pt x 845.11386pt.
[2 <./Davoud_Tavakol_Pruefungsrechtliche_Erklaerung.pdf>] [3] [4

] (./Wave-function-collapse.toc
LaTeX Font Info:    Font shape `OT1/ptm/bx/n' in size <12> not available
(Font)              Font shape `OT1/ptm/b/n' tried instead on input line 6.
LaTeX Font Info:    Font shape `OT1/ptm/bx/n' in size <9> not available
(Font)              Font shape `OT1/ptm/b/n' tried instead on input line 6.
LaTeX Font Info:    Font shape `OT1/ptm/bx/n' in size <7> not available
(Font)              Font shape `OT1/ptm/b/n' tried instead on input line 6.
)
\tf@toc=\write5
\openout5 = `Wave-function-collapse.toc'.

 [5] [6

]
Kapitel 1.
[7] [8

]
Kapitel 2.
<images/texture-blocky.JPG, id=171, 192.72pt x 175.40532pt>
File: images/texture-blocky.JPG Graphic file (type jpg)
<use images/texture-blocky.JPG>
Package pdftex.def Info: images/texture-blocky.JPG  used on input line 151.
(pdftex.def)             Requested size: 173.85477pt x 158.23534pt.
<images/texture-correct.JPG, id=172, 192.72pt x 180.675pt>
File: images/texture-correct.JPG Graphic file (type jpg)
<use images/texture-correct.JPG>
Package pdftex.def Info: images/texture-correct.JPG  used on input line 153.
(pdftex.def)             Requested size: 173.85477pt x 162.98918pt.
LaTeX Font Info:    Trying to load font information for TS1+ptm on input line 160.
(c:/texlive/2022/texmf-dist/tex/latex/psnfss/ts1ptm.fd
File: ts1ptm.fd 2001/06/04 font definitions for TS1/ptm.
) [9 <./images/texture-blocky.JPG> <./images/texture-correct.JPG>]
LaTeX Font Info:    Font shape `OT1/ptm/bx/n' in size <10> not available
(Font)              Font shape `OT1/ptm/b/n' tried instead on input line 175.
LaTeX Font Info:    Font shape `OT1/ptm/bx/n' in size <7.4> not available
(Font)              Font shape `OT1/ptm/b/n' tried instead on input line 175.
LaTeX Font Info:    Font shape `OT1/ptm/bx/n' in size <6> not available
(Font)              Font shape `OT1/ptm/b/n' tried instead on input line 175.
<images/Textur-nicht-station√§rlokal.JPG, id=184, 602.25pt x 401.5pt>
File: images/Textur-nicht-station√§rlokal.JPG Graphic file (type jpg)
<use images/Textur-nicht-station√§rlokal.JPG>
Package pdftex.def Info: images/Textur-nicht-station√§rlokal.JPG  used on input line 185.
(pdftex.def)             Requested size: 195.58827pt x 130.39404pt.
<images/Textur-station√§rlokal.JPG, id=185, 602.25pt x 401.5pt>
File: images/Textur-station√§rlokal.JPG Graphic file (type jpg)
<use images/Textur-station√§rlokal.JPG>
Package pdftex.def Info: images/Textur-station√§rlokal.JPG  used on input line 187.
(pdftex.def)             Requested size: 195.58827pt x 130.39404pt.
<images/synthezising-pixel.JPG, id=188, 602.25pt x 401.5pt>
File: images/synthezising-pixel.JPG Graphic file (type jpg)
<use images/synthezising-pixel.JPG>
Package pdftex.def Info: images/synthezising-pixel.JPG  used on input line 199.
(pdftex.def)             Requested size: 195.58827pt x 130.39404pt.
<images/Wall-sample.JPG, id=189, 602.25pt x 401.5pt>
File: images/Wall-sample.JPG Graphic file (type jpg)
<use images/Wall-sample.JPG>
Package pdftex.def Info: images/Wall-sample.JPG  used on input line 201.
(pdftex.def)             Requested size: 195.58827pt x 130.39404pt.
 [10 <./images/Textur-nicht-station√§rlokal.JPG> <./images/Textur-station√§rlokal.JPG>]
<images/markow-kette.png, id=202, 1027.84pt x 1027.84pt>
File: images/markow-kette.png Graphic file (type png)
<use images/markow-kette.png>
Package pdftex.def Info: images/markow-kette.png  used on input line 228.
(pdftex.def)             Requested size: 108.66089pt x 108.65567pt.
<images/Markov-netzwerk.png, id=203, 194.31085pt x 196.35623pt>
File: images/Markov-netzwerk.png Graphic file (type png)
<use images/Markov-netzwerk.png>
Package pdftex.def Info: images/Markov-netzwerk.png  used on input line 230.
(pdftex.def)             Requested size: 108.66089pt x 109.80592pt.
 [11 <./images/synthezising-pixel.JPG> <./images/Wall-sample.JPG>]
<images/pyramid.JPG, id=220, 478.78876pt x 481.04718pt>
File: images/pyramid.JPG Graphic file (type jpg)
<use images/pyramid.JPG>
Package pdftex.def Info: images/pyramid.JPG  used on input line 252.
(pdftex.def)             Requested size: 173.85477pt x 174.67424pt.

Underfull \vbox (badness 10000) has occurred while \output is active []

 [12 <./images/markow-kette.png> <./images/Markov-netzwerk.png>]
Overfull \hbox (0.98721pt too wide) in paragraph at lines 256--262
\T1/ptm/m/n/12 Hi-sto-gram-m-‰qua-li-sa-ti-on. Bei der Hi-sto-gram-m-‰qua-li-sa-ti-on (auch Hi-sto-gram-m-aus-gleich, Hi-
 []

<images/pyramid-noise.JPG, id=233, 338.01282pt x 255.95625pt>
File: images/pyramid-noise.JPG Graphic file (type jpg)
<use images/pyramid-noise.JPG>
Package pdftex.def Info: images/pyramid-noise.JPG  used on input line 279.
(pdftex.def)             Requested size: 86.92738pt x 65.82451pt.
<images/pyramid-input.JPG, id=234, 172.39406pt x 171.64125pt>
File: images/pyramid-input.JPG Graphic file (type jpg)
<use images/pyramid-input.JPG>
Package pdftex.def Info: images/pyramid-input.JPG  used on input line 281.
(pdftex.def)             Requested size: 86.92738pt x 86.5485pt.
<images/pyramid-matching.JPG, id=235, 673.76718pt x 321.45094pt>
File: images/pyramid-matching.JPG Graphic file (type jpg)
<use images/pyramid-matching.JPG>
Package pdftex.def Info: images/pyramid-matching.JPG  used on input line 283.
(pdftex.def)             Requested size: 130.39438pt x 62.20935pt.

Underfull \vbox (badness 3343) has occurred while \output is active []

 [13 <./images/pyramid.JPG>]
<images/Pixel-based.jpg, id=244, 602.25pt x 401.5pt>
File: images/Pixel-based.jpg Graphic file (type jpg)
<use images/Pixel-based.jpg>
Package pdftex.def Info: images/Pixel-based.jpg  used on input line 299.
(pdftex.def)             Requested size: 195.58827pt x 130.39404pt.
<images/Patch-based.jpg, id=245, 602.25pt x 401.5pt>
File: images/Patch-based.jpg Graphic file (type jpg)
<use images/Patch-based.jpg>
Package pdftex.def Info: images/Patch-based.jpg  used on input line 301.
(pdftex.def)             Requested size: 195.58827pt x 130.39404pt.
 [14 <./images/pyramid-noise.JPG> <./images/pyramid-input.JPG> <./images/pyramid-matching.JPG> <./images/Pixel-based.jpg> <./images/Patch-based.jpg>]
<images/Random-blocks.jpg, id=258, 602.25pt x 401.5pt>
File: images/Random-blocks.jpg Graphic file (type jpg)
<use images/Random-blocks.jpg>
Package pdftex.def Info: images/Random-blocks.jpg  used on input line 326.
(pdftex.def)             Requested size: 108.66089pt x 72.43842pt.
<images/overlap-blocks.jpg, id=259, 602.25pt x 401.5pt>
File: images/overlap-blocks.jpg Graphic file (type jpg)
<use images/overlap-blocks.jpg>
Package pdftex.def Info: images/overlap-blocks.jpg  used on input line 328.
(pdftex.def)             Requested size: 108.66089pt x 72.43842pt.
<images/minimum-boundary-blocks.jpg, id=260, 602.25pt x 401.5pt>
File: images/minimum-boundary-blocks.jpg Graphic file (type jpg)
<use images/minimum-boundary-blocks.jpg>
Package pdftex.def Info: images/minimum-boundary-blocks.jpg  used on input line 330.
(pdftex.def)             Requested size: 108.66089pt x 72.43842pt.
<images/texture-random-block.JPG, id=261, 213.79875pt x 214.55156pt>
File: images/texture-random-block.JPG Graphic file (type jpg)
<use images/texture-random-block.JPG>
Package pdftex.def Info: images/texture-random-block.JPG  used on input line 333.
(pdftex.def)             Requested size: 108.66089pt x 109.04335pt.
<images/texture-overlap-blocks.jpg, id=262, 214.55156pt x 215.30438pt>
File: images/texture-overlap-blocks.jpg Graphic file (type jpg)
<use images/texture-overlap-blocks.jpg>
Package pdftex.def Info: images/texture-overlap-blocks.jpg  used on input line 335.
(pdftex.def)             Requested size: 108.66089pt x 109.0416pt.
<images/texture-minimum-boundary-blocks.jpg, id=263, 213.79875pt x 213.79875pt>
File: images/texture-minimum-boundary-blocks.jpg Graphic file (type jpg)
<use images/texture-minimum-boundary-blocks.jpg>
Package pdftex.def Info: images/texture-minimum-boundary-blocks.jpg  used on input line 337.
(pdftex.def)             Requested size: 108.66089pt x 108.66075pt.
 [15 <./images/Random-blocks.jpg> <./images/overlap-blocks.jpg> <./images/minimum-boundary-blocks.jpg> <./images/texture-random-block.JPG> <./images/texture-overlap-blocks.jpg> <./images/texture-minimum-boundary-blocks.jpg>] [16

]
Kapitel 3.
<images/wfc-pattern.png, id=284, 532.99126pt x 144.54pt>
File: images/wfc-pattern.png Graphic file (type png)
<use images/wfc-pattern.png>
Package pdftex.def Info: images/wfc-pattern.png  used on input line 362.
(pdftex.def)             Requested size: 434.64355pt x 117.87292pt.

Underfull \vbox (badness 10000) has occurred while \output is active []

 [17 <./images/wfc-pattern.png (PNG copy)>] [18]
Underfull \vbox (badness 10000) has occurred while \output is active []

 [19]
<images/sudoku-superposition.png, id=309, 917.4275pt x 917.4275pt>
File: images/sudoku-superposition.png Graphic file (type png)
<use images/sudoku-superposition.png>
Package pdftex.def Info: images/sudoku-superposition.png  used on input line 413.
(pdftex.def)             Requested size: 391.17654pt x 391.18242pt.
 [20 <./images/sudoku-superposition.png>]
<images/sudoku-observed.png, id=318, 917.4275pt x 917.4275pt>
File: images/sudoku-observed.png Graphic file (type png)
<use images/sudoku-observed.png>
Package pdftex.def Info: images/sudoku-observed.png  used on input line 428.
(pdftex.def)             Requested size: 391.17654pt x 391.18242pt.
 [21 <./images/sudoku-observed.png>]
<images/sudoku-observed-heurisitk.png, id=328, 919.435pt x 919.435pt>
File: images/sudoku-observed-heurisitk.png Graphic file (type png)
<use images/sudoku-observed-heurisitk.png>
Package pdftex.def Info: images/sudoku-observed-heurisitk.png  used on input line 444.
(pdftex.def)             Requested size: 391.17654pt x 391.1826pt.

Underfull \vbox (badness 10000) has occurred while \output is active []

 [22 <./images/sudoku-observed-heurisitk.png>]
<images/input-shape.JPG, id=338, 70.76437pt x 58.71938pt>
File: images/input-shape.JPG Graphic file (type jpg)
<use images/input-shape.JPG>
Package pdftex.def Info: images/input-shape.JPG  used on input line 462.
(pdftex.def)             Requested size: 43.467pt x 36.06873pt.
<images/Efros-Leung-1999.JPG, id=339, 295.85532pt x 293.59688pt>
File: images/Efros-Leung-1999.JPG Graphic file (type jpg)
<use images/Efros-Leung-1999.JPG>
Package pdftex.def Info: images/Efros-Leung-1999.JPG  used on input line 464.
(pdftex.def)             Requested size: 108.66089pt x 107.83171pt.
<images/Kwatra-2005.JPG, id=340, 298.86656pt x 285.31593pt>
File: images/Kwatra-2005.JPG Graphic file (type jpg)
<use images/Kwatra-2005.JPG>
Package pdftex.def Info: images/Kwatra-2005.JPG  used on input line 466.
(pdftex.def)             Requested size: 108.66089pt x 103.73239pt.

Overfull \hbox (8.51297pt too wide) in paragraph at lines 470--476
\T1/ptm/m/n/12 den nicht als ge-schlos-se-nes Ob-jekt er-kannt wer-den. In Ab-bil-dung 3.5 sind ge-nann-te Schwach-
 []

<images/Beispiel-textur.JPG, id=344, 66.2475pt x 49.68562pt>
File: images/Beispiel-textur.JPG Graphic file (type jpg)
<use images/Beispiel-textur.JPG>
Package pdftex.def Info: images/Beispiel-textur.JPG  used on input line 479.
(pdftex.def)             Requested size: 43.467pt x 32.6008pt.
<images/Efros-Leung-textur.JPG, id=345, 171.64125pt x 164.86594pt>
File: images/Efros-Leung-textur.JPG Graphic file (type jpg)
<use images/Efros-Leung-textur.JPG>
Package pdftex.def Info: images/Efros-Leung-textur.JPG  used on input line 481.
(pdftex.def)             Requested size: 108.66089pt x 104.37172pt.
<images/Paul-merrells-Model-synthese.JPG, id=346, 170.13562pt x 169.38281pt>
File: images/Paul-merrells-Model-synthese.JPG Graphic file (type jpg)
<use images/Paul-merrells-Model-synthese.JPG>
Package pdftex.def Info: images/Paul-merrells-Model-synthese.JPG  used on input line 483.
(pdftex.def)             Requested size: 108.66089pt x 108.17976pt.
[23 <./images/input-shape.JPG> <./images/Efros-Leung-1999.JPG> <./images/Kwatra-2005.JPG> <./images/Beispiel-textur.JPG> <./images/Efros-Leung-textur.JPG> <./images/Paul-merrells-Model-synthese.JPG>]
<images/model-divided.JPG, id=362, 281.55188pt x 377.15906pt>
File: images/model-divided.JPG Graphic file (type jpg)
<use images/model-divided.JPG>
Package pdftex.def Info: images/model-divided.JPG  used on input line 492.
(pdftex.def)             Requested size: 108.66089pt x 145.56061pt.
<images/seamless-model.JPG, id=363, 227.34938pt x 338.76563pt>
File: images/seamless-model.JPG Graphic file (type jpg)
<use images/seamless-model.JPG>
Package pdftex.def Info: images/seamless-model.JPG  used on input line 494.
(pdftex.def)             Requested size: 108.66089pt x 161.91298pt.
<images/modell-conflicts.JPG, id=364, 268.75406pt x 343.2825pt>
File: images/modell-conflicts.JPG Graphic file (type jpg)
<use images/modell-conflicts.JPG>
Package pdftex.def Info: images/modell-conflicts.JPG  used on input line 496.
(pdftex.def)             Requested size: 108.66089pt x 138.79292pt.
<images/modules-cells.JPG, id=367, 271.0125pt x 105.39375pt>
File: images/modules-cells.JPG Graphic file (type jpg)
<use images/modules-cells.JPG>
Package pdftex.def Info: images/modules-cells.JPG  used on input line 507.
(pdftex.def)             Requested size: 173.85477pt x 67.61258pt.
<images/collapse-cells.JPG, id=368, 491.58656pt x 490.08093pt>
File: images/collapse-cells.JPG Graphic file (type jpg)
<use images/collapse-cells.JPG>
Package pdftex.def Info: images/collapse-cells.JPG  used on input line 514.
(pdftex.def)             Requested size: 260.78877pt x 259.99591pt.

Underfull \vbox (badness 10000) has occurred while \output is active []

 [24 <./images/model-divided.JPG> <./images/seamless-model.JPG> <./images/modell-conflicts.JPG> <./images/modules-cells.JPG>] [25 <./images/collapse-cells.JPG>]
<images/3D-model-synthese.JPG, id=390, 853.68938pt x 497.60907pt>
File: images/3D-model-synthese.JPG Graphic file (type jpg)
<use images/3D-model-synthese.JPG>
Package pdftex.def Info: images/3D-model-synthese.JPG  used on input line 544.
(pdftex.def)             Requested size: 434.64355pt x 253.35207pt.
<images/red-maze.jpg, id=394, 602.25pt x 602.25pt>
File: images/red-maze.jpg Graphic file (type jpg)
<use images/red-maze.jpg>
Package pdftex.def Info: images/red-maze.jpg  used on input line 562.
(pdftex.def)             Requested size: 217.32178pt x 217.32445pt.
 [26 <./images/3D-model-synthese.JPG>]
<images/red-maze-modules.jpg, id=403, 1355.0625pt x 1003.75pt>
File: images/red-maze-modules.jpg Graphic file (type jpg)
<use images/red-maze-modules.jpg>
Package pdftex.def Info: images/red-maze-modules.jpg  used on input line 569.
(pdftex.def)             Requested size: 217.32178pt x 160.97086pt.
<images/red-maze-offset.png, id=407, 678.28406pt x 677.53125pt>
File: images/red-maze-offset.png Graphic file (type png)
<use images/red-maze-offset.png>
Package pdftex.def Info: images/red-maze-offset.png  used on input line 583.
(pdftex.def)             Requested size: 217.32178pt x 217.07288pt.

Underfull \vbox (badness 1424) has occurred while \output is active []

 [27 <./images/red-maze.jpg> <./images/red-maze-modules.jpg>]
<images/red-maze-offset-example.png, id=419, 678.28406pt x 677.53125pt>
File: images/red-maze-offset-example.png Graphic file (type png)
<use images/red-maze-offset-example.png>
Package pdftex.def Info: images/red-maze-offset-example.png  used on input line 593.
(pdftex.def)             Requested size: 217.32178pt x 217.07288pt.
 [28 <./images/red-maze-offset.png> <./images/red-maze-offset-example.png>]
<images/input-example-overlapping.png, id=428, 8.03pt x 8.03pt>
File: images/input-example-overlapping.png Graphic file (type png)
<use images/input-example-overlapping.png>
Package pdftex.def Info: images/input-example-overlapping.png  used on input line 608.
(pdftex.def)             Requested size: 108.66089pt x 108.74924pt.
<images/output-overlapping-n2.png, id=429, 48.18pt x 48.18pt>
File: images/output-overlapping-n2.png Graphic file (type png)
<use images/output-overlapping-n2.png>
Package pdftex.def Info: images/output-overlapping-n2.png  used on input line 614.
(pdftex.def)             Requested size: 108.66089pt x 108.66124pt.
<images/output-overlapping-n3.png, id=430, 48.18pt x 48.18pt>
File: images/output-overlapping-n3.png Graphic file (type png)
<use images/output-overlapping-n3.png>
Package pdftex.def Info: images/output-overlapping-n3.png  used on input line 616.
(pdftex.def)             Requested size: 108.66089pt x 108.66124pt.
<images/output-overlapping-n4.png, id=431, 48.18pt x 48.18pt>
File: images/output-overlapping-n4.png Graphic file (type png)
<use images/output-overlapping-n4.png>
Package pdftex.def Info: images/output-overlapping-n4.png  used on input line 618.
(pdftex.def)             Requested size: 108.66089pt x 108.66124pt.
LaTeX Font Info:    Trying to load font information for T1+cmtt on input line 619.
 (c:/texlive/2022/texmf-dist/tex/latex/base/t1cmtt.fd
File: t1cmtt.fd 2022/07/10 v2.5l Standard LaTeX font definitions
) [29 <./images/input-example-overlapping.png> <./images/output-overlapping-n2.png> <./images/output-overlapping-n3.png> <./images/output-overlapping-n4.png>]
<images/red-maze-overlapping-step1.png, id=454, 36.135pt x 36.135pt>
File: images/red-maze-overlapping-step1.png Graphic file (type png)
<use images/red-maze-overlapping-step1.png>
Package pdftex.def Info: images/red-maze-overlapping-step1.png  used on input line 652.
(pdftex.def)             Requested size: 173.85477pt x 173.9019pt.
<images/red-maze-overlapping-steps.png, id=457, 1716.4125pt x 240.9pt>
File: images/red-maze-overlapping-steps.png Graphic file (type png)
<use images/red-maze-overlapping-steps.png>
Package pdftex.def Info: images/red-maze-overlapping-steps.png  used on input line 664.
(pdftex.def)             Requested size: 434.64355pt x 61.00044pt.
 [30 <./images/red-maze-overlapping-step1.png>]
<images/proc-skater-ruleset.png, id=470, 696.35156pt x 517.18219pt>
File: images/proc-skater-ruleset.png Graphic file (type png)
<use images/proc-skater-ruleset.png>
Package pdftex.def Info: images/proc-skater-ruleset.png  used on input line 677.
(pdftex.def)             Requested size: 391.17654pt x 290.52757pt.
<images/proc-skate-level.png, id=473, 895.09406pt x 514.92375pt>
File: images/proc-skate-level.png Graphic file (type png)
<use images/proc-skate-level.png>
Package pdftex.def Info: images/proc-skate-level.png  used on input line 685.
(pdftex.def)             Requested size: 391.17654pt x 225.035pt.
 [31 <./images/red-maze-overlapping-steps.png> <./images/proc-skater-ruleset.png>]
Underfull \vbox (badness 10000) has occurred while \output is active []

 [32 <./images/proc-skate-level.png>]
<images/proc-skate-backdrop.png, id=492, 878.53218pt x 534.49687pt>
File: images/proc-skate-backdrop.png Graphic file (type png)
<use images/proc-skate-backdrop.png>
Package pdftex.def Info: images/proc-skate-backdrop.png  used on input line 692.
(pdftex.def)             Requested size: 227.62204pt x 138.48471pt.

Underfull \hbox (badness 10000) in paragraph at lines 707--707
[][][]\T1/ptm/m/n/10 Aus Forums-Korrespondenz [][]$\T1/cmtt/m/n/10 https : / / forums . somethingawful . com / showthread . php ?
 []

<images/caves-of-qud.jpg, id=499, 1557.98906pt x 1486.47978pt>
File: images/caves-of-qud.jpg Graphic file (type jpg)
<use images/caves-of-qud.jpg>
Package pdftex.def Info: images/caves-of-qud.jpg  used on input line 711.
(pdftex.def)             Requested size: 391.17654pt x 373.20676pt.

Underfull \vbox (badness 10000) has occurred while \output is active []

 [33 <./images/proc-skate-backdrop.png>] [34 <./images/caves-of-qud.jpg>]
Kapitel 4.
[35

] [36

]
Overfull \hbox (27.36398pt too wide) in paragraph at lines 739--739
[]\T1/ptm/m/n/12 Wikipedia, \T1/ptm/m/it/12 Markow-Kette --- Wi-ki-pe-dia, The Free En-cy-clo-pe-dia\T1/ptm/m/n/12 , [][]$\T1/cmtt/m/n/12 http : / / de . wikipedia .
 []

[37] [38] (./Wave-function-collapse.aux)
Package rerunfilecheck Info: File `Wave-function-collapse.out' has not changed.
(rerunfilecheck)             Checksum: 1BF8BF2137657709680189FE20B92D23;3129.
Package logreq Info: Writing requests to 'Wave-function-collapse.run.xml'.
\openout1 = `Wave-function-collapse.run.xml'.

 ) 
Here is how much of TeX's memory you used:
 23653 strings out of 474971
 419448 string characters out of 5780120
 1226453 words of memory out of 5000000
 44609 multiletter control sequences out of 15000+600000
 533390 words of font info for 118 fonts, out of 8000000 for 9000
 1143 hyphenation exceptions out of 8191
 69i,17n,79p,1179b,2379s stack positions out of 10000i,1000n,20000p,200000b,200000s

pdfTeX warning (dest): name{Hfootnote.3} has been referenced but does not exist, replaced by a fixed one

{c:/texlive/2022/texmf-dist/fonts/enc/dvips/cm-super/cm-super-t1.enc}{c:/texlive/2022/texmf-dist/fonts/enc/dvips/base/8r.enc}<c:/texlive/2022/texmf-dist/fonts/type1/public/amsfonts/cm/cmmi10.pfb><c:/texlive/2022/texmf-dist/fonts/type1/public/amsfonts/cm/cmr10.pfb><c:/texlive/2022/texmf-dist/fonts/type1/public/amsfonts/cm/cmsy10.pfb><c:/texlive/2022/texmf-dist/fonts/type1/public/cm-super/sftt1000.pfb><c:/texlive/2022/texmf-dist/fonts/type1/public/cm-super/sftt1200.pfb><c:/texlive/2022/texmf-dist/fonts/type1/urw/times/utmb8a.pfb><c:/texlive/2022/texmf-dist/fonts/type1/urw/times/utmr8a.pfb><c:/texlive/2022/texmf-dist/fonts/type1/urw/times/utmri8a.pfb>
Output written on Wave-function-collapse.pdf (38 pages, 5324750 bytes).
PDF statistics:
 631 PDF objects out of 1000 (max. 8388607)
 472 compressed objects within 5 object streams
 151 named destinations out of 1000 (max. 500000)
 388 words of extra memory for PDF output out of 10000 (max. 10000000)

